#
# There is insufficient memory for the Java Runtime Environment to continue.
# Native memory allocation (malloc) failed to allocate 1337136 bytes. Error detail: Chunk::new
# Possible reasons:
#   The system is out of physical RAM or swap space
#   This process is running with CompressedOops enabled, and the Java Heap may be blocking the growth of the native heap
# Possible solutions:
#   Reduce memory load on the system
#   Increase physical memory or swap space
#   Check if swap backing store is full
#   Decrease Java heap size (-Xmx/-Xms)
#   Decrease number of Java threads
#   Decrease Java thread stack sizes (-Xss)
#   Set larger code cache with -XX:ReservedCodeCacheSize=
#   JVM is running with Zero Based Compressed Oops mode in which the Java heap is
#     placed in the first 32GB address space. The Java Heap base address is the
#     maximum limit for the native heap growth. Please use -XX:HeapBaseMinAddress
#     to set the Java Heap base and to place the Java Heap above 32GB virtual address.
# This output file may be truncated or incomplete.
#
#  Out of Memory Error (arena.cpp:191), pid=21700, tid=10720
#
# JRE version: OpenJDK Runtime Environment Microsoft-13106358 (17.0.18+8) (build 17.0.18+8-LTS)
# Java VM: OpenJDK 64-Bit Server VM Microsoft-13106358 (17.0.18+8-LTS, mixed mode, sharing, tiered, compressed oops, compressed class ptrs, g1 gc, windows-amd64)
# No core dump will be written. Minidumps are not enabled by default on client versions of Windows
#

---------------  S U M M A R Y ------------

Command Line: org.jetbrains.kotlin.cli.jvm.K2JVMCompiler @C:\Dev\Activ_Esaip_AUDYA\node_modules\react-native-screens\android\build\20260226_10234672007254122710.compiler.options

Host: AMD Ryzen 5 3550H with Radeon Vega Mobile Gfx  , 8 cores, 13G,  Windows 11 , 64 bit Build 26100 (10.0.26100.7705)
Time: Thu Feb 26 18:37:03 2026 Paris, Madrid elapsed time: 36.236884 seconds (0d 0h 0m 36s)

---------------  T H R E A D  ---------------

Current thread (0x000001afe5cdb600):  JavaThread "C2 CompilerThread0" daemon [_thread_in_native, id=10720, stack(0x0000005ac0c00000,0x0000005ac0d00000)]


Current CompileTask:
C2:36237 4856       4       jdk.internal.loader.BuiltinClassLoader::defineClass (121 bytes)

Stack: [0x0000005ac0c00000,0x0000005ac0d00000]
Native frames: (J=compiled Java code, j=interpreted, Vv=VM code, C=native code)
V  [jvm.dll+0x68c879]  (no source info available)
V  [jvm.dll+0x845979]  (no source info available)
V  [jvm.dll+0x8476e8]  (no source info available)
V  [jvm.dll+0x847d73]  (no source info available)
V  [jvm.dll+0x24cf6f]  (no source info available)
V  [jvm.dll+0xaecb6]  (no source info available)
V  [jvm.dll+0xaf35c]  (no source info available)
V  [jvm.dll+0x3716ff]  (no source info available)
V  [jvm.dll+0x33b985]  (no source info available)
V  [jvm.dll+0x33adea]  (no source info available)
V  [jvm.dll+0x21df29]  (no source info available)
V  [jvm.dll+0x21d36d]  (no source info available)
V  [jvm.dll+0x1a8ce6]  (no source info available)
V  [jvm.dll+0x22db1b]  (no source info available)
V  [jvm.dll+0x22bca6]  (no source info available)
V  [jvm.dll+0x7fbabb]  (no source info available)
V  [jvm.dll+0x7f5ebc]  (no source info available)
V  [jvm.dll+0x68de17]  (no source info available)
C  [ucrtbase.dll+0x37b0]  (no source info available)
C  [KERNEL32.DLL+0x2e8d7]  (no source info available)
C  [ntdll.dll+0x8c40c]  (no source info available)


---------------  P R O C E S S  ---------------

Threads class SMR info:
_java_thread_list=0x000001afee4447e0, length=14, elements={
0x000001afc3f90070, 0x000001afe5cbc2b0, 0x000001afe5cbd8f0, 0x000001afe5cd7ed0,
0x000001afe5cd87a0, 0x000001afe5cd9070, 0x000001afe5cd9940, 0x000001afe5cdb600,
0x000001afe5ce0090, 0x000001afe5ce2490, 0x000001afea132250, 0x000001afea146940,
0x000001afead21a80, 0x000001afee162340
}

Java Threads: ( => current thread )
  0x000001afc3f90070 JavaThread "main" [_thread_in_vm, id=16952, stack(0x0000005abff00000,0x0000005ac0000000)]
  0x000001afe5cbc2b0 JavaThread "Reference Handler" daemon [_thread_blocked, id=21864, stack(0x0000005ac0600000,0x0000005ac0700000)]
  0x000001afe5cbd8f0 JavaThread "Finalizer" daemon [_thread_blocked, id=18632, stack(0x0000005ac0700000,0x0000005ac0800000)]
  0x000001afe5cd7ed0 JavaThread "Signal Dispatcher" daemon [_thread_blocked, id=11776, stack(0x0000005ac0800000,0x0000005ac0900000)]
  0x000001afe5cd87a0 JavaThread "Attach Listener" daemon [_thread_blocked, id=1928, stack(0x0000005ac0900000,0x0000005ac0a00000)]
  0x000001afe5cd9070 JavaThread "Service Thread" daemon [_thread_blocked, id=4952, stack(0x0000005ac0a00000,0x0000005ac0b00000)]
  0x000001afe5cd9940 JavaThread "Monitor Deflation Thread" daemon [_thread_blocked, id=6872, stack(0x0000005ac0b00000,0x0000005ac0c00000)]
=>0x000001afe5cdb600 JavaThread "C2 CompilerThread0" daemon [_thread_in_native, id=10720, stack(0x0000005ac0c00000,0x0000005ac0d00000)]
  0x000001afe5ce0090 JavaThread "C1 CompilerThread0" daemon [_thread_blocked, id=9188, stack(0x0000005ac0d00000,0x0000005ac0e00000)]
  0x000001afe5ce2490 JavaThread "Sweeper thread" daemon [_thread_blocked, id=8092, stack(0x0000005ac0e00000,0x0000005ac0f00000)]
  0x000001afea132250 JavaThread "Notification Thread" daemon [_thread_blocked, id=5528, stack(0x0000005ac0f00000,0x0000005ac1000000)]
  0x000001afea146940 JavaThread "Common-Cleaner" daemon [_thread_blocked, id=9712, stack(0x0000005ac1100000,0x0000005ac1200000)]
  0x000001afead21a80 JavaThread "C2 CompilerThread1" daemon [_thread_in_native, id=12952, stack(0x0000005abfd00000,0x0000005abfe00000)]
  0x000001afee162340 JavaThread "C2 CompilerThread2" daemon [_thread_in_native, id=22640, stack(0x0000005ac1800000,0x0000005ac1900000)]

Other Threads:
  0x000001afe5cb5b30 VMThread "VM Thread" [stack: 0x0000005ac0500000,0x0000005ac0600000] [id=20648]
  0x000001afe5ca4990 WatcherThread [stack: 0x0000005ac1000000,0x0000005ac1100000] [id=6160]
  0x000001afc3ff5bc0 GCTaskThread "GC Thread#0" [stack: 0x0000005ac0000000,0x0000005ac0100000] [id=14800]
  0x000001afea5ffac0 GCTaskThread "GC Thread#1" [stack: 0x0000005ac1200000,0x0000005ac1300000] [id=18424]
  0x000001afea5ffd90 GCTaskThread "GC Thread#2" [stack: 0x0000005ac1300000,0x0000005ac1400000] [id=14340]
  0x000001afea5ed760 GCTaskThread "GC Thread#3" [stack: 0x0000005ac1400000,0x0000005ac1500000] [id=12520]
  0x000001afea5d8e00 GCTaskThread "GC Thread#4" [stack: 0x0000005ac1500000,0x0000005ac1600000] [id=9708]
  0x000001afea5d9940 GCTaskThread "GC Thread#5" [stack: 0x0000005ac1600000,0x0000005ac1700000] [id=15708]
  0x000001afea5d9ee0 GCTaskThread "GC Thread#6" [stack: 0x0000005ac1900000,0x0000005ac1a00000] [id=18260]
  0x000001afea5da480 GCTaskThread "GC Thread#7" [stack: 0x0000005ac1a00000,0x0000005ac1b00000] [id=4728]
  0x000001afc4004930 ConcurrentGCThread "G1 Main Marker" [stack: 0x0000005ac0100000,0x0000005ac0200000] [id=22180]
  0x000001afc4005350 ConcurrentGCThread "G1 Conc#0" [stack: 0x0000005ac0200000,0x0000005ac0300000] [id=21648]
  0x000001afeaff47d0 ConcurrentGCThread "G1 Conc#1" [stack: 0x0000005ac1700000,0x0000005ac1800000] [id=2748]
  0x000001afc403ec40 ConcurrentGCThread "G1 Refine#0" [stack: 0x0000005ac0300000,0x0000005ac0400000] [id=20812]
  0x000001afec7dbeb0 ConcurrentGCThread "G1 Refine#1" [stack: 0x0000005ac1b00000,0x0000005ac1c00000] [id=15568]
  0x000001afe5b6db10 ConcurrentGCThread "G1 Service" [stack: 0x0000005ac0400000,0x0000005ac0500000] [id=11664]

Threads with active compile tasks:
C2 CompilerThread0  36323 4856       4       jdk.internal.loader.BuiltinClassLoader::defineClass (121 bytes)
C2 CompilerThread1  36323 5023       4       org.jetbrains.kotlin.com.intellij.psi.stubs.StubList::addStub (139 bytes)
C2 CompilerThread2  36323 5024       4       org.jetbrains.kotlin.com.intellij.psi.stubs.StubList$TempState::ensureCapacityForNextChild (153 bytes)

VM state: at safepoint (normal execution)

VM Mutex/Monitor currently owned by a thread:  ([mutex/lock_event])
[0x000001afc1cc8ff0] Threads_lock - owner thread: 0x000001afe5cb5b30
[0x000001afc1cceab0] Heap_lock - owner thread: 0x000001afc3f90070

Heap address: 0x0000000721e00000, size: 3554 MB, Compressed Oops mode: Zero based, Oop shift amount: 3

CDS archive(s) mapped at: [0x000001af80000000-0x000001af80bb0000-0x000001af80bb0000), size 12255232, SharedBaseAddress: 0x000001af80000000, ArchiveRelocationMode: 1.
Compressed class space mapped at: 0x000001af81000000-0x000001afc1000000, reserved size: 1073741824
Narrow klass base: 0x000001af80000000, Narrow klass shift: 0, Narrow klass range: 0x100000000

GC Precious Log:
 CPUs: 8 total, 8 available
 Memory: 14213M
 Large Page Support: Disabled
 NUMA Support: Disabled
 Compressed Oops: Enabled (Zero based)
 Heap Region Size: 2M
 Heap Min Capacity: 8M
 Heap Initial Capacity: 224M
 Heap Max Capacity: 3554M
 Pre-touch: Disabled
 Parallel Workers: 8
 Concurrent Workers: 2
 Concurrent Refinement Workers: 8
 Periodic GC: Disabled

Heap:
 garbage-first heap   total 79872K, used 58965K [0x0000000721e00000, 0x0000000800000000)
  region size 2048K, 11 young (22528K), 1 survivors (2048K)
 Metaspace       used 43895K, committed 44160K, reserved 1114112K
  class space    used 5150K, committed 5248K, reserved 1048576K

Heap Regions: E=young(eden), S=young(survivor), O=old, HS=humongous(starts), HC=humongous(continues), CS=collection set, F=free, OA=open archive, CA=closed archive, TAMS=top-at-mark-start (previous, next)
|   0|0x0000000721e00000, 0x0000000722000000, 0x0000000722000000|100%|HS|  |TAMS 0x0000000722000000, 0x0000000722000000| Complete 
|   1|0x0000000722000000, 0x0000000722200000, 0x0000000722200000|100%|HC|  |TAMS 0x0000000722200000, 0x0000000722200000| Complete 
|   2|0x0000000722200000, 0x0000000722400000, 0x0000000722400000|100%| O|  |TAMS 0x0000000722400000, 0x0000000722400000| Untracked 
|   3|0x0000000722400000, 0x0000000722600000, 0x0000000722600000|100%| O|  |TAMS 0x0000000722600000, 0x0000000722600000| Untracked 
|   4|0x0000000722600000, 0x0000000722800000, 0x0000000722800000|100%| O|  |TAMS 0x0000000722800000, 0x0000000722800000| Untracked 
|   5|0x0000000722800000, 0x0000000722a00000, 0x0000000722a00000|100%| O|  |TAMS 0x0000000722a00000, 0x0000000722a00000| Untracked 
|   6|0x0000000722a00000, 0x0000000722c00000, 0x0000000722c00000|100%| O|  |TAMS 0x0000000722c00000, 0x0000000722c00000| Untracked 
|   7|0x0000000722c00000, 0x0000000722e00000, 0x0000000722e00000|100%| O|  |TAMS 0x0000000722e00000, 0x0000000722e00000| Untracked 
|   8|0x0000000722e00000, 0x0000000723000000, 0x0000000723000000|100%| O|  |TAMS 0x0000000723000000, 0x0000000723000000| Untracked 
|   9|0x0000000723000000, 0x0000000723200000, 0x0000000723200000|100%| O|  |TAMS 0x0000000723200000, 0x0000000723200000| Untracked 
|  10|0x0000000723200000, 0x0000000723400000, 0x0000000723400000|100%| O|  |TAMS 0x0000000723400000, 0x0000000723400000| Untracked 
|  11|0x0000000723400000, 0x0000000723600000, 0x0000000723600000|100%| O|  |TAMS 0x0000000723600000, 0x0000000723600000| Untracked 
|  12|0x0000000723600000, 0x0000000723800000, 0x0000000723800000|100%| O|  |TAMS 0x0000000723800000, 0x0000000723800000| Untracked 
|  13|0x0000000723800000, 0x0000000723a00000, 0x0000000723a00000|100%| O|  |TAMS 0x0000000723a00000, 0x0000000723a00000| Untracked 
|  14|0x0000000723a00000, 0x0000000723c00000, 0x0000000723c00000|100%| O|  |TAMS 0x0000000723c00000, 0x0000000723c00000| Untracked 
|  15|0x0000000723c00000, 0x0000000723e00000, 0x0000000723e00000|100%| O|  |TAMS 0x0000000723c81a00, 0x0000000723e00000| Untracked 
|  16|0x0000000723e00000, 0x0000000724000000, 0x0000000724000000|100%| O|  |TAMS 0x0000000723e00000, 0x0000000724000000| Untracked 
|  17|0x0000000724000000, 0x00000007241a37a8, 0x0000000724200000| 81%| O|  |TAMS 0x0000000724000000, 0x000000072406ce00| Untracked 
|  18|0x0000000724200000, 0x0000000724200000, 0x0000000724400000|  0%| F|  |TAMS 0x0000000724200000, 0x0000000724200000| Untracked 
|  19|0x0000000724400000, 0x0000000724400000, 0x0000000724600000|  0%| F|  |TAMS 0x0000000724400000, 0x0000000724400000| Untracked 
|  20|0x0000000724600000, 0x0000000724600000, 0x0000000724800000|  0%| F|  |TAMS 0x0000000724600000, 0x0000000724600000| Untracked 
|  21|0x0000000724800000, 0x0000000724800000, 0x0000000724a00000|  0%| F|  |TAMS 0x0000000724800000, 0x0000000724800000| Untracked 
|  22|0x0000000724a00000, 0x0000000724a00000, 0x0000000724c00000|  0%| F|  |TAMS 0x0000000724a00000, 0x0000000724a00000| Untracked 
|  23|0x0000000724c00000, 0x0000000724c00000, 0x0000000724e00000|  0%| F|  |TAMS 0x0000000724c00000, 0x0000000724c00000| Untracked 
|  24|0x0000000724e00000, 0x0000000724e00000, 0x0000000725000000|  0%| F|  |TAMS 0x0000000724e00000, 0x0000000724e00000| Untracked 
|  25|0x0000000725000000, 0x0000000725000000, 0x0000000725200000|  0%| F|  |TAMS 0x0000000725000000, 0x0000000725000000| Untracked 
|  26|0x0000000725200000, 0x0000000725328870, 0x0000000725400000| 57%| E|CS|TAMS 0x0000000725200000, 0x0000000725328870| Complete 
|  27|0x0000000725400000, 0x0000000725600000, 0x0000000725600000|100%| E|CS|TAMS 0x0000000725400000, 0x0000000725600000| Complete 
|  28|0x0000000725600000, 0x00000007257840b0, 0x0000000725800000| 75%| S|  |TAMS 0x0000000725600000, 0x0000000725600000| Complete 
|  29|0x0000000725800000, 0x0000000725a00000, 0x0000000725a00000|100%| E|CS|TAMS 0x0000000725800000, 0x0000000725a00000| Complete 
|  30|0x0000000725a00000, 0x0000000725c00000, 0x0000000725c00000|100%| E|CS|TAMS 0x0000000725a00000, 0x0000000725c00000| Complete 
|  31|0x0000000725c00000, 0x0000000725e00000, 0x0000000725e00000|100%| E|CS|TAMS 0x0000000725c00000, 0x0000000725e00000| Complete 
|  32|0x0000000725e00000, 0x0000000726000000, 0x0000000726000000|100%| E|CS|TAMS 0x0000000725e00000, 0x0000000726000000| Complete 
|  33|0x0000000726000000, 0x0000000726200000, 0x0000000726200000|100%| E|CS|TAMS 0x0000000726000000, 0x0000000726200000| Complete 
|  34|0x0000000726200000, 0x0000000726400000, 0x0000000726400000|100%| E|CS|TAMS 0x0000000726200000, 0x0000000726400000| Complete 
|  35|0x0000000726400000, 0x0000000726600000, 0x0000000726600000|100%| E|CS|TAMS 0x0000000726400000, 0x0000000726600000| Complete 
|  98|0x000000072e200000, 0x000000072e400000, 0x000000072e400000|100%| E|CS|TAMS 0x000000072e200000, 0x000000072e400000| Complete 
|  99|0x000000072e400000, 0x000000072e600000, 0x000000072e600000|100%| E|CS|TAMS 0x000000072e400000, 0x000000072e600000| Complete 
| 111|0x000000072fc00000, 0x000000072fe00000, 0x000000072fe00000|100%| E|CS|TAMS 0x000000072fc00000, 0x000000072fe00000| Complete 

Card table byte_map: [0x000001afdb540000,0x000001afdbc40000] _byte_map_base: 0x000001afd7c31000

Marking Bits (Prev, Next): (CMBitMap*) 0x000001afc3ff61f0, (CMBitMap*) 0x000001afc3ff6230
 Prev Bits: [0x000001afdc340000, 0x000001afdfac8000)
 Next Bits: [0x000001afdfad0000, 0x000001afe3258000)

Polling page: 0x000001afc1fb0000

Metaspace:

Usage:
  Non-class:     37.84 MB used.
      Class:      5.03 MB used.
       Both:     42.87 MB used.

Virtual space:
  Non-class space:       64.00 MB reserved,      38.00 MB ( 59%) committed,  1 nodes.
      Class space:        1.00 GB reserved,       5.12 MB ( <1%) committed,  1 nodes.
             Both:        1.06 GB reserved,      43.12 MB (  4%) committed. 

Chunk freelists:
   Non-Class:  8.84 MB
       Class:  10.88 MB
        Both:  19.72 MB

MaxMetaspaceSize: unlimited
CompressedClassSpaceSize: 1.00 GB
Initial GC threshold: 21.00 MB
Current GC threshold: 58.69 MB
CDS: on
MetaspaceReclaimPolicy: balanced
 - commit_granule_bytes: 65536.
 - commit_granule_words: 8192.
 - virtual_space_node_default_size: 8388608.
 - enlarge_chunks_in_place: 1.
 - new_chunks_are_fully_committed: 0.
 - uncommit_free_chunks: 1.
 - use_allocation_guard: 0.
 - handle_deallocations: 1.


Internal statistics:

num_allocs_failed_limit: 6.
num_arena_births: 224.
num_arena_deaths: 0.
num_vsnodes_births: 2.
num_vsnodes_deaths: 0.
num_space_committed: 688.
num_space_uncommitted: 0.
num_chunks_returned_to_freelist: 6.
num_chunks_taken_from_freelist: 1720.
num_chunk_merges: 6.
num_chunk_splits: 1420.
num_chunks_enlarged: 1281.
num_inconsistent_stats: 0.

CodeHeap 'non-profiled nmethods': size=120000Kb used=2695Kb max_used=2843Kb free=117304Kb
 bounds [0x000001afd35d0000, 0x000001afd38a0000, 0x000001afdab00000]
CodeHeap 'profiled nmethods': size=120000Kb used=10929Kb max_used=11760Kb free=109071Kb
 bounds [0x000001afcbb00000, 0x000001afcc680000, 0x000001afd3030000]
CodeHeap 'non-nmethods': size=5760Kb used=1321Kb max_used=1352Kb free=4438Kb
 bounds [0x000001afd3030000, 0x000001afd32a0000, 0x000001afd35d0000]
 total_blobs=4949 nmethods=4320 adapters=539
 compilation: enabled
              stopped_count=0, restarted_count=0
 full_count=0

Compilation events (20 events):
Event: 35.128 Thread 0x000001afe5ce0090 5028       3       java.util.AbstractList$SubList$1::<init> (41 bytes)
Event: 35.128 Thread 0x000001afe5ce0090 nmethod 5028 0x000001afcbbd3d90 code [0x000001afcbbd3f40, 0x000001afcbbd4268]
Event: 35.128 Thread 0x000001afe5ce0090 5029       3       java.util.AbstractList::listIterator (15 bytes)
Event: 35.129 Thread 0x000001afe5ce0090 nmethod 5029 0x000001afcbcf6010 code [0x000001afcbcf6200, 0x000001afcbcf6828]
Event: 35.129 Thread 0x000001afe5ce0090 5030       3       java.util.AbstractList::rangeCheckForAdd (26 bytes)
Event: 35.130 Thread 0x000001afe5ce0090 nmethod 5030 0x000001afcbd3bf90 code [0x000001afcbd3c200, 0x000001afcbd3ca08]
Event: 35.130 Thread 0x000001afe5ce0090 5031       3       java.util.AbstractList$ListItr::<init> (16 bytes)
Event: 35.130 Thread 0x000001afe5ce0090 nmethod 5031 0x000001afcbbd3810 code [0x000001afcbbd39c0, 0x000001afcbbd3c78]
Event: 35.130 Thread 0x000001afe5ce0090 5033       3       java.util.AbstractList$SubList::size (9 bytes)
Event: 35.131 Thread 0x000001afe5ce0090 nmethod 5033 0x000001afcbcf5a90 code [0x000001afcbcf5c40, 0x000001afcbcf5ec8]
Event: 35.131 Thread 0x000001afe5ce0090 5034       3       org.jetbrains.kotlin.com.intellij.psi.stubs.StubList::idSubList (12 bytes)
Event: 35.132 Thread 0x000001afe5ce0090 nmethod 5034 0x000001afcbd3b890 code [0x000001afcbd3ba60, 0x000001afcbd3be18]
Event: 35.132 Thread 0x000001afe5ce0090 5035       3       org.jetbrains.kotlin.com.intellij.psi.stubs.StubList$1::<init> (26 bytes)
Event: 35.132 Thread 0x000001afe5ce0090 nmethod 5035 0x000001afcbd3b290 code [0x000001afcbd3b440, 0x000001afcbd3b738]
Event: 35.183 Thread 0x000001afee162340 nmethod 4880 0x000001afd373fb10 code [0x000001afd373fe40, 0x000001afd3743770]
Event: 35.186 Thread 0x000001afee162340 5038       4       org.jetbrains.kotlin.com.intellij.psi.stubs.MaterialStubList::get (12 bytes)
Event: 35.190 Thread 0x000001afee162340 nmethod 5038 0x000001afd37af810 code [0x000001afd37af9a0, 0x000001afd37afb18]
Event: 35.190 Thread 0x000001afee162340 5024       4       org.jetbrains.kotlin.com.intellij.psi.stubs.StubList$TempState::ensureCapacityForNextChild (153 bytes)
Event: 35.205 Thread 0x000001afe5ce0090 5039       3       java.util.Optional::ofNullable (19 bytes)
Event: 35.206 Thread 0x000001afe5ce0090 nmethod 5039 0x000001afcbcf5510 code [0x000001afcbcf56c0, 0x000001afcbcf5978]

GC Heap History (20 events):
Event: 2.213 GC heap before
{Heap before GC invocations=0 (full 0):
 garbage-first heap   total 229376K, used 24576K [0x0000000721e00000, 0x0000000800000000)
  region size 2048K, 11 young (22528K), 0 survivors (0K)
 Metaspace       used 6588K, committed 6720K, reserved 1114112K
  class space    used 602K, committed 640K, reserved 1048576K
}
Event: 2.230 GC heap after
{Heap after GC invocations=1 (full 0):
 garbage-first heap   total 229376K, used 6911K [0x0000000721e00000, 0x0000000800000000)
  region size 2048K, 2 young (4096K), 2 survivors (4096K)
 Metaspace       used 6588K, committed 6720K, reserved 1114112K
  class space    used 602K, committed 640K, reserved 1048576K
}
Event: 6.320 GC heap before
{Heap before GC invocations=1 (full 0):
 garbage-first heap   total 229376K, used 41727K [0x0000000721e00000, 0x0000000800000000)
  region size 2048K, 19 young (38912K), 2 survivors (4096K)
 Metaspace       used 13755K, committed 13952K, reserved 1114112K
  class space    used 1479K, committed 1600K, reserved 1048576K
}
Event: 6.331 GC heap after
{Heap after GC invocations=2 (full 0):
 garbage-first heap   total 229376K, used 12924K [0x0000000721e00000, 0x0000000800000000)
  region size 2048K, 3 young (6144K), 3 survivors (6144K)
 Metaspace       used 13755K, committed 13952K, reserved 1114112K
  class space    used 1479K, committed 1600K, reserved 1048576K
}
Event: 8.759 GC heap before
{Heap before GC invocations=2 (full 0):
 garbage-first heap   total 229376K, used 21116K [0x0000000721e00000, 0x0000000800000000)
  region size 2048K, 7 young (14336K), 3 survivors (6144K)
 Metaspace       used 14791K, committed 15040K, reserved 1114112K
  class space    used 1608K, committed 1728K, reserved 1048576K
}
Event: 8.767 GC heap after
{Heap after GC invocations=3 (full 0):
 garbage-first heap   total 229376K, used 15010K [0x0000000721e00000, 0x0000000800000000)
  region size 2048K, 1 young (2048K), 1 survivors (2048K)
 Metaspace       used 14791K, committed 15040K, reserved 1114112K
  class space    used 1608K, committed 1728K, reserved 1048576K
}
Event: 15.262 GC heap before
{Heap before GC invocations=3 (full 0):
 garbage-first heap   total 229376K, used 35490K [0x0000000721e00000, 0x0000000800000000)
  region size 2048K, 12 young (24576K), 1 survivors (2048K)
 Metaspace       used 21304K, committed 21504K, reserved 1114112K
  class space    used 2789K, committed 2880K, reserved 1048576K
}
Event: 15.266 GC heap after
{Heap after GC invocations=4 (full 0):
 garbage-first heap   total 229376K, used 15859K [0x0000000721e00000, 0x0000000800000000)
  region size 2048K, 2 young (4096K), 2 survivors (4096K)
 Metaspace       used 21304K, committed 21504K, reserved 1114112K
  class space    used 2789K, committed 2880K, reserved 1048576K
}
Event: 23.531 GC heap before
{Heap before GC invocations=5 (full 0):
 garbage-first heap   total 69632K, used 67059K [0x0000000721e00000, 0x0000000800000000)
  region size 2048K, 27 young (55296K), 2 survivors (4096K)
 Metaspace       used 30851K, committed 31040K, reserved 1114112K
  class space    used 3719K, committed 3776K, reserved 1048576K
}
Event: 23.548 GC heap after
{Heap after GC invocations=6 (full 0):
 garbage-first heap   total 79872K, used 21723K [0x0000000721e00000, 0x0000000800000000)
  region size 2048K, 5 young (10240K), 5 survivors (10240K)
 Metaspace       used 30851K, committed 31040K, reserved 1114112K
  class space    used 3719K, committed 3776K, reserved 1048576K
}
Event: 23.821 GC heap before
{Heap before GC invocations=6 (full 0):
 garbage-first heap   total 79872K, used 23771K [0x0000000721e00000, 0x0000000800000000)
  region size 2048K, 6 young (12288K), 5 survivors (10240K)
 Metaspace       used 30972K, committed 31168K, reserved 1114112K
  class space    used 3722K, committed 3776K, reserved 1048576K
}
Event: 23.837 GC heap after
{Heap after GC invocations=7 (full 0):
 garbage-first heap   total 79872K, used 22608K [0x0000000721e00000, 0x0000000800000000)
  region size 2048K, 1 young (2048K), 1 survivors (2048K)
 Metaspace       used 30972K, committed 31168K, reserved 1114112K
  class space    used 3722K, committed 3776K, reserved 1048576K
}
Event: 27.063 GC heap before
{Heap before GC invocations=7 (full 0):
 garbage-first heap   total 79872K, used 53328K [0x0000000721e00000, 0x0000000800000000)
  region size 2048K, 16 young (32768K), 1 survivors (2048K)
 Metaspace       used 31808K, committed 32000K, reserved 1114112K
  class space    used 3772K, committed 3840K, reserved 1048576K
}
Event: 27.087 GC heap after
{Heap after GC invocations=8 (full 0):
 garbage-first heap   total 79872K, used 30720K [0x0000000721e00000, 0x0000000800000000)
  region size 2048K, 2 young (4096K), 2 survivors (4096K)
 Metaspace       used 31808K, committed 32000K, reserved 1114112K
  class space    used 3772K, committed 3840K, reserved 1048576K
}
Event: 29.634 GC heap before
{Heap before GC invocations=8 (full 0):
 garbage-first heap   total 79872K, used 55296K [0x0000000721e00000, 0x0000000800000000)
  region size 2048K, 14 young (28672K), 2 survivors (4096K)
 Metaspace       used 35077K, committed 35392K, reserved 1114112K
  class space    used 4116K, committed 4288K, reserved 1048576K
}
Event: 29.651 GC heap after
{Heap after GC invocations=9 (full 0):
 garbage-first heap   total 79872K, used 35334K [0x0000000721e00000, 0x0000000800000000)
  region size 2048K, 2 young (4096K), 2 survivors (4096K)
 Metaspace       used 35077K, committed 35392K, reserved 1114112K
  class space    used 4116K, committed 4288K, reserved 1048576K
}
Event: 30.034 GC heap before
{Heap before GC invocations=9 (full 0):
 garbage-first heap   total 79872K, used 37382K [0x0000000721e00000, 0x0000000800000000)
  region size 2048K, 4 young (8192K), 2 survivors (4096K)
 Metaspace       used 35728K, committed 35968K, reserved 1114112K
  class space    used 4180K, committed 4288K, reserved 1048576K
}
Event: 30.044 GC heap after
{Heap after GC invocations=10 (full 0):
 garbage-first heap   total 79872K, used 35977K [0x0000000721e00000, 0x0000000800000000)
  region size 2048K, 1 young (2048K), 1 survivors (2048K)
 Metaspace       used 35728K, committed 35968K, reserved 1114112K
  class space    used 4180K, committed 4288K, reserved 1048576K
}
Event: 32.003 GC heap before
{Heap before GC invocations=11 (full 0):
 garbage-first heap   total 79872K, used 56457K [0x0000000721e00000, 0x0000000800000000)
  region size 2048K, 11 young (22528K), 1 survivors (2048K)
 Metaspace       used 38330K, committed 38656K, reserved 1114112K
  class space    used 4455K, committed 4608K, reserved 1048576K
}
Event: 32.017 GC heap after
{Heap after GC invocations=12 (full 0):
 garbage-first heap   total 79872K, used 38485K [0x0000000721e00000, 0x0000000800000000)
  region size 2048K, 2 young (4096K), 2 survivors (4096K)
 Metaspace       used 38330K, committed 38656K, reserved 1114112K
  class space    used 4455K, committed 4608K, reserved 1048576K
}

Dll operation events (7 events):
Event: 0.027 Loaded shared library C:\Program Files\Microsoft\jdk-17.0.18.8-hotspot\bin\java.dll
Event: 0.114 Loaded shared library C:\Program Files\Microsoft\jdk-17.0.18.8-hotspot\bin\jsvml.dll
Event: 0.361 Loaded shared library C:\Program Files\Microsoft\jdk-17.0.18.8-hotspot\bin\net.dll
Event: 0.365 Loaded shared library C:\Program Files\Microsoft\jdk-17.0.18.8-hotspot\bin\nio.dll
Event: 0.434 Loaded shared library C:\Program Files\Microsoft\jdk-17.0.18.8-hotspot\bin\zip.dll
Event: 0.520 Loaded shared library C:\Program Files\Microsoft\jdk-17.0.18.8-hotspot\bin\jimage.dll
Event: 7.000 Loaded shared library C:\Program Files\Microsoft\jdk-17.0.18.8-hotspot\bin\verify.dll

Deoptimization events (20 events):
Event: 33.464 Thread 0x000001afc3f90070 Uncommon trap: trap_request=0xffffffde fr.pc=0x000001afd3798c50 relative=0x00000000000000b0
Event: 33.467 Thread 0x000001afc3f90070 Uncommon trap: reason=class_check action=maybe_recompile pc=0x000001afd3798c50 method=org.jetbrains.kotlin.com.intellij.util.text.CharSequenceSubSequence.charAt(I)C @ 10 c2
Event: 33.467 Thread 0x000001afc3f90070 DEOPT PACKING pc=0x000001afd3798c50 sp=0x0000005abfffbc50
Event: 33.467 Thread 0x000001afc3f90070 DEOPT UNPACKING pc=0x000001afd30869a3 sp=0x0000005abfffbbe8 mode 2
Event: 33.467 Thread 0x000001afc3f90070 Uncommon trap: trap_request=0xffffffde fr.pc=0x000001afd3798c50 relative=0x00000000000000b0
Event: 33.467 Thread 0x000001afc3f90070 Uncommon trap: reason=class_check action=maybe_recompile pc=0x000001afd3798c50 method=org.jetbrains.kotlin.com.intellij.util.text.CharSequenceSubSequence.charAt(I)C @ 10 c2
Event: 33.467 Thread 0x000001afc3f90070 DEOPT PACKING pc=0x000001afd3798c50 sp=0x0000005abfffbc50
Event: 33.467 Thread 0x000001afc3f90070 DEOPT UNPACKING pc=0x000001afd30869a3 sp=0x0000005abfffbbe8 mode 2
Event: 33.467 Thread 0x000001afc3f90070 Uncommon trap: trap_request=0xffffffde fr.pc=0x000001afd3798c50 relative=0x00000000000000b0
Event: 33.467 Thread 0x000001afc3f90070 Uncommon trap: reason=class_check action=maybe_recompile pc=0x000001afd3798c50 method=org.jetbrains.kotlin.com.intellij.util.text.CharSequenceSubSequence.charAt(I)C @ 10 c2
Event: 33.467 Thread 0x000001afc3f90070 DEOPT PACKING pc=0x000001afd3798c50 sp=0x0000005abfffbc50
Event: 33.467 Thread 0x000001afc3f90070 DEOPT UNPACKING pc=0x000001afd30869a3 sp=0x0000005abfffbbe8 mode 2
Event: 33.487 Thread 0x000001afc3f90070 Uncommon trap: trap_request=0xffffffde fr.pc=0x000001afd38297dc relative=0x00000000000014fc
Event: 33.487 Thread 0x000001afc3f90070 Uncommon trap: reason=class_check action=maybe_recompile pc=0x000001afd38297dc method=org.jetbrains.kotlin.com.intellij.lang.impl.PsiBuilderImpl.prepareLightTree()Lorg/jetbrains/kotlin/com/intellij/lang/impl/PsiBuilderImpl$StartMarker; @ 577 c2
Event: 33.487 Thread 0x000001afc3f90070 DEOPT PACKING pc=0x000001afd38297dc sp=0x0000005abfffbed0
Event: 33.487 Thread 0x000001afc3f90070 DEOPT UNPACKING pc=0x000001afd30869a3 sp=0x0000005abfffbe90 mode 2
Event: 33.738 Thread 0x000001afc3f90070 Uncommon trap: trap_request=0xffffff45 fr.pc=0x000001afd37a9b60 relative=0x0000000000000040
Event: 33.738 Thread 0x000001afc3f90070 Uncommon trap: reason=unstable_if action=reinterpret pc=0x000001afd37a9b60 method=org.jetbrains.kotlin.com.intellij.openapi.progress.ProgressManager.checkCanceled()V @ 5 c2
Event: 33.738 Thread 0x000001afc3f90070 DEOPT PACKING pc=0x000001afd37a9b60 sp=0x0000005abfffc2f0
Event: 33.738 Thread 0x000001afc3f90070 DEOPT UNPACKING pc=0x000001afd30869a3 sp=0x0000005abfffc230 mode 2

Classes loaded (20 events):
Event: 33.220 Loading class java/util/stream/Nodes$ArrayNode done
Event: 33.220 Loading class java/util/stream/Nodes$FixedNodeBuilder done
Event: 33.893 Loading class java/util/ComparableTimSort
Event: 33.893 Loading class java/util/ComparableTimSort done
Event: 34.721 Loading class java/util/stream/LongStream
Event: 34.728 Loading class java/util/stream/LongStream done
Event: 34.728 Loading class java/util/stream/DoubleStream
Event: 34.729 Loading class java/util/stream/DoubleStream done
Event: 34.867 Loading class java/util/AbstractList$SubList
Event: 34.868 Loading class java/util/AbstractList$SubList done
Event: 34.868 Loading class java/util/AbstractList$SubList$1
Event: 34.868 Loading class java/util/AbstractList$SubList$1 done
Event: 34.868 Loading class java/util/AbstractList$ListItr
Event: 34.869 Loading class java/util/AbstractList$ListItr done
Event: 34.892 Loading class java/lang/Character$UnicodeBlock
Event: 34.894 Loading class java/lang/Character$Subset
Event: 34.894 Loading class java/lang/Character$Subset done
Event: 34.894 Loading class java/lang/Character$UnicodeBlock done
Event: 34.900 Loading class jdk/internal/math/FDBigInteger
Event: 34.901 Loading class jdk/internal/math/FDBigInteger done

Classes unloaded (0 events):
No events

Classes redefined (0 events):
No events

Internal exceptions (20 events):
Event: 18.546 Thread 0x000001afc3f90070 Exception <a 'java/lang/NoSuchMethodError'{0x00000007242515f0}: 'java.lang.Object java.lang.invoke.DirectMethodHandle$Holder.invokeVirtual(java.lang.Object, java.lang.Object, java.lang.Object)'> (0x00000007242515f0) 
thrown [s\src\hotspot\share\interpreter\linkResolver.cpp, line 759]
Event: 19.780 Thread 0x000001afc3f90070 Exception <a 'java/lang/NoSuchMethodError'{0x0000000723d82158}: 'java.lang.Object java.lang.invoke.DirectMethodHandle$Holder.newInvokeSpecial(java.lang.Object, java.lang.Object, java.lang.Object, int)'> (0x0000000723d82158) 
thrown [s\src\hotspot\share\interpreter\linkResolver.cpp, line 759]
Event: 19.785 Thread 0x000001afc3f90070 Exception <a 'java/lang/NoSuchMethodError'{0x0000000723d86538}: 'java.lang.Object java.lang.invoke.DirectMethodHandle$Holder.invokeSpecial(java.lang.Object, java.lang.Object, java.lang.Object, java.lang.Object, int)'> (0x0000000723d86538) 
thrown [s\src\hotspot\share\interpreter\linkResolver.cpp, line 759]
Event: 19.786 Thread 0x000001afc3f90070 Exception <a 'java/lang/NoSuchMethodError'{0x0000000723d8a100}: 'java.lang.Object java.lang.invoke.Invokers$Holder.linkToTargetMethod(java.lang.Object, java.lang.Object, int, java.lang.Object)'> (0x0000000723d8a100) 
thrown [s\src\hotspot\share\interpreter\linkResolver.cpp, line 759]
Event: 19.821 Thread 0x000001afc3f90070 Exception <a 'java/lang/NoSuchMethodError'{0x0000000723dabff0}: 'int java.lang.invoke.DirectMethodHandle$Holder.invokeStaticInit(java.lang.Object, int)'> (0x0000000723dabff0) 
thrown [s\src\hotspot\share\interpreter\linkResolver.cpp, line 759]
Event: 21.904 Thread 0x000001afc3f90070 Implicit null exception at 0x000001afd36ac6cc to 0x000001afd36ac7b4
Event: 22.216 Thread 0x000001afc3f90070 Exception <a 'java/lang/NoSuchMethodError'{0x0000000723005420}: 'java.lang.Object java.lang.invoke.DirectMethodHandle$Holder.newInvokeSpecial(java.lang.Object, java.lang.Object, java.lang.Object, java.lang.Object, java.lang.Object, java.lang.Object)'> (0x0000000723005420) 
thrown [s\src\hotspot\share\interpreter\linkResolver.cpp, line 759]
Event: 26.078 Thread 0x000001afc3f90070 Implicit null exception at 0x000001afd370ab9a to 0x000001afd3710d9c
Event: 28.114 Thread 0x000001afc3f90070 Exception <a 'java/lang/NoSuchMethodError'{0x00000007260b4438}: 'java.lang.Object java.lang.invoke.DirectMethodHandle$Holder.invokeStatic(java.lang.Object, java.lang.Object, int)'> (0x00000007260b4438) 
thrown [s\src\hotspot\share\interpreter\linkResolver.cpp, line 759]
Event: 30.455 Thread 0x000001afc3f90070 Exception <a 'java/lang/NoSuchMethodError'{0x000000072e545588}: 'java.lang.Object java.lang.invoke.DirectMethodHandle$Holder.newInvokeSpecial(java.lang.Object, java.lang.Object, java.lang.Object, int, java.lang.Object)'> (0x000000072e545588) 
thrown [s\src\hotspot\share\interpreter\linkResolver.cpp, line 759]
Event: 30.462 Thread 0x000001afc3f90070 Exception <a 'java/lang/NoSuchMethodError'{0x000000072e54d698}: 'java.lang.Object java.lang.invoke.Invokers$Holder.linkToTargetMethod(java.lang.Object, java.lang.Object, int, java.lang.Object, java.lang.Object)'> (0x000000072e54d698) 
thrown [s\src\hotspot\share\interpreter\linkResolver.cpp, line 759]
Event: 30.624 Thread 0x000001afc3f90070 Exception <a 'java/lang/NoSuchMethodError'{0x000000072649b9b0}: 'java.lang.Object java.lang.invoke.DirectMethodHandle$Holder.invokeStatic(java.lang.Object, java.lang.Object, java.lang.Object, java.lang.Object, int)'> (0x000000072649b9b0) 
thrown [s\src\hotspot\share\interpreter\linkResolver.cpp, line 759]
Event: 30.626 Thread 0x000001afc3f90070 Exception <a 'java/lang/NoSuchMethodError'{0x00000007264a4258}: 'java.lang.Object java.lang.invoke.DirectMethodHandle$Holder.newInvokeSpecial(java.lang.Object, java.lang.Object, java.lang.Object, java.lang.Object, int)'> (0x00000007264a4258) 
thrown [s\src\hotspot\share\interpreter\linkResolver.cpp, line 759]
Event: 30.630 Thread 0x000001afc3f90070 Exception <a 'java/lang/NoSuchMethodError'{0x00000007264a8ae0}: 'java.lang.Object java.lang.invoke.DirectMethodHandle$Holder.invokeSpecial(java.lang.Object, java.lang.Object, java.lang.Object, java.lang.Object, java.lang.Object, int)'> (0x00000007264a8ae0) 
thrown [s\src\hotspot\share\interpreter\linkResolver.cpp, line 759]
Event: 30.631 Thread 0x000001afc3f90070 Exception <a 'java/lang/NoSuchMethodError'{0x00000007264acd18}: 'java.lang.Object java.lang.invoke.Invokers$Holder.linkToTargetMethod(java.lang.Object, java.lang.Object, java.lang.Object, int, java.lang.Object)'> (0x00000007264acd18) 
thrown [s\src\hotspot\share\interpreter\linkResolver.cpp, line 759]
Event: 30.961 Thread 0x000001afc3f90070 Implicit null exception at 0x000001afd3853dd8 to 0x000001afd3853e6e
Event: 30.965 Thread 0x000001afc3f90070 Implicit null exception at 0x000001afd360522f to 0x000001afd36052a9
Event: 30.966 Thread 0x000001afc3f90070 Implicit null exception at 0x000001afd38562f9 to 0x000001afd385652c
Event: 32.395 Thread 0x000001afc3f90070 Exception <a 'java/lang/NoSuchMethodError'{0x000000072e5f7ad8}: 'java.lang.Object java.lang.invoke.Invokers$Holder.invokeExact_MT(java.lang.Object, java.lang.Object, java.lang.Object, java.lang.Object, java.lang.Object, java.lang.Object)'> (0x000000072e5f7ad8) 
thrown [s\src\hotspot\share\interpreter\linkResolver.cpp, line 759]
Event: 33.719 Thread 0x000001afc3f90070 Exception <a 'java/lang/NoSuchMethodError'{0x000000072611abc8}: 'java.lang.Object java.lang.invoke.Invokers$Holder.invokeExact_MT(java.lang.Object, java.lang.Object, long, java.lang.Object)'> (0x000000072611abc8) 
thrown [s\src\hotspot\share\interpreter\linkResolver.cpp, line 759]

VM Operations (20 events):
Event: 33.864 Executing VM operation: HandshakeAllThreads
Event: 33.864 Executing VM operation: HandshakeAllThreads done
Event: 33.885 Executing VM operation: HandshakeAllThreads
Event: 33.885 Executing VM operation: HandshakeAllThreads done
Event: 33.984 Executing VM operation: HandshakeAllThreads
Event: 33.984 Executing VM operation: HandshakeAllThreads done
Event: 34.249 Executing VM operation: HandshakeAllThreads
Event: 34.249 Executing VM operation: HandshakeAllThreads done
Event: 34.538 Executing VM operation: HandshakeAllThreads
Event: 34.539 Executing VM operation: HandshakeAllThreads done
Event: 34.539 Executing VM operation: Cleanup
Event: 34.539 Executing VM operation: Cleanup done
Event: 34.634 Executing VM operation: HandshakeAllThreads
Event: 34.634 Executing VM operation: HandshakeAllThreads done
Event: 34.713 Executing VM operation: HandshakeAllThreads
Event: 34.713 Executing VM operation: HandshakeAllThreads done
Event: 34.869 Executing VM operation: HandshakeAllThreads
Event: 34.869 Executing VM operation: HandshakeAllThreads done
Event: 35.870 Executing VM operation: Cleanup
Event: 35.870 Executing VM operation: Cleanup done

Memory protections (0 events):
No events

Nmethod flushes (20 events):
Event: 31.592 Thread 0x000001afe5ce2490 flushing  nmethod 0x000001afcc549c10
Event: 31.592 Thread 0x000001afe5ce2490 flushing  nmethod 0x000001afcc54aa10
Event: 31.593 Thread 0x000001afe5ce2490 flushing  nmethod 0x000001afcc54d110
Event: 31.593 Thread 0x000001afe5ce2490 flushing  nmethod 0x000001afcc54ed10
Event: 31.593 Thread 0x000001afe5ce2490 flushing  nmethod 0x000001afcc54f510
Event: 31.593 Thread 0x000001afe5ce2490 flushing  nmethod 0x000001afcc555190
Event: 31.593 Thread 0x000001afe5ce2490 flushing  nmethod 0x000001afcc556110
Event: 31.593 Thread 0x000001afe5ce2490 flushing  nmethod 0x000001afcc557690
Event: 31.593 Thread 0x000001afe5ce2490 flushing  nmethod 0x000001afcc557f90
Event: 31.593 Thread 0x000001afe5ce2490 flushing  nmethod 0x000001afcc564010
Event: 31.593 Thread 0x000001afe5ce2490 flushing  nmethod 0x000001afcc575910
Event: 31.596 Thread 0x000001afe5ce2490 flushing  nmethod 0x000001afcc5b4a10
Event: 31.596 Thread 0x000001afe5ce2490 flushing  nmethod 0x000001afcc5b7910
Event: 31.596 Thread 0x000001afe5ce2490 flushing  nmethod 0x000001afcc5baa90
Event: 31.596 Thread 0x000001afe5ce2490 flushing  nmethod 0x000001afcc5c5610
Event: 31.596 Thread 0x000001afe5ce2490 flushing  nmethod 0x000001afcc5d0f90
Event: 31.596 Thread 0x000001afe5ce2490 flushing  nmethod 0x000001afcc5d7590
Event: 31.597 Thread 0x000001afe5ce2490 flushing  nmethod 0x000001afcc5ffb10
Event: 31.597 Thread 0x000001afe5ce2490 flushing  nmethod 0x000001afcc650d10
Event: 31.597 Thread 0x000001afe5ce2490 flushing  nmethod 0x000001afcc65d290

Events (20 events):
Event: 6.875 Thread 0x000001afea189e40 Thread exited: 0x000001afea189e40
Event: 6.884 Thread 0x000001afea194ae0 Thread exited: 0x000001afea194ae0
Event: 20.674 Thread 0x000001afe5ce0090 Thread added: 0x000001afecca8d80
Event: 21.235 Thread 0x000001afe5ce0090 Thread added: 0x000001afead21a80
Event: 21.479 Thread 0x000001afead21a80 Thread exited: 0x000001afead21a80
Event: 21.907 Thread 0x000001afe5ce0090 Thread added: 0x000001afeaf217d0
Event: 23.799 Thread 0x000001afeaf217d0 Thread exited: 0x000001afeaf217d0
Event: 24.795 Thread 0x000001afecca8d80 Thread exited: 0x000001afecca8d80
Event: 26.166 Thread 0x000001afe5cdb600 Thread added: 0x000001afeb836e20
Event: 26.167 Thread 0x000001afe5cdb600 Thread added: 0x000001afed5659e0
Event: 26.400 Thread 0x000001afed5659e0 Thread exited: 0x000001afed5659e0
Event: 27.366 Thread 0x000001afeb836e20 Thread exited: 0x000001afeb836e20
Event: 28.775 Thread 0x000001afe5ce0090 Thread added: 0x000001afee52c980
Event: 29.033 Thread 0x000001afee52c980 Thread exited: 0x000001afee52c980
Event: 29.499 Thread 0x000001afe5ce0090 Thread added: 0x000001afed867ac0
Event: 29.880 Thread 0x000001afed867ac0 Thread exited: 0x000001afed867ac0
Event: 31.110 Thread 0x000001afe5ce0090 Thread added: 0x000001afeba87460
Event: 32.807 Thread 0x000001afeba87460 Thread exited: 0x000001afeba87460
Event: 33.274 Thread 0x000001afe5ce0090 Thread added: 0x000001afead21a80
Event: 34.985 Thread 0x000001afe5ce0090 Thread added: 0x000001afee162340


Dynamic libraries:
0x00007ff7e76d0000 - 0x00007ff7e76de000 	C:\Program Files\Microsoft\jdk-17.0.18.8-hotspot\bin\java.exe
0x00007ffa8ca80000 - 0x00007ffa8cce8000 	C:\WINDOWS\SYSTEM32\ntdll.dll
0x00007ffa5b620000 - 0x00007ffa5b640000 	C:\Program Files\Avast Software\Avast\aswhook.dll
0x00007ffa8b5a0000 - 0x00007ffa8b669000 	C:\WINDOWS\System32\KERNEL32.DLL
0x00007ffa89360000 - 0x00007ffa89751000 	C:\WINDOWS\System32\KERNELBASE.dll
0x00007ffa8a610000 - 0x00007ffa8a75b000 	C:\WINDOWS\System32\ucrtbase.dll
0x00007ffa82a80000 - 0x00007ffa82a98000 	C:\Program Files\Microsoft\jdk-17.0.18.8-hotspot\bin\jli.dll
0x00007ffa8a820000 - 0x00007ffa8a9e6000 	C:\WINDOWS\System32\USER32.dll
0x00007ffa82aa0000 - 0x00007ffa82abe000 	C:\Program Files\Microsoft\jdk-17.0.18.8-hotspot\bin\VCRUNTIME140.dll
0x00007ffa8a530000 - 0x00007ffa8a557000 	C:\WINDOWS\System32\win32u.dll
0x00007ffa8c840000 - 0x00007ffa8c86b000 	C:\WINDOWS\System32\GDI32.dll
0x00007ffa89960000 - 0x00007ffa89a8b000 	C:\WINDOWS\System32\gdi32full.dll
0x00007ffa76a40000 - 0x00007ffa76cd3000 	C:\WINDOWS\WinSxS\amd64_microsoft.windows.common-controls_6595b64144ccf1df_6.0.26100.7824_none_3e0870b2e3345462\COMCTL32.dll
0x00007ffa8aab0000 - 0x00007ffa8ab59000 	C:\WINDOWS\System32\msvcrt.dll
0x00007ffa89c10000 - 0x00007ffa89cb3000 	C:\WINDOWS\System32\msvcp_win.dll
0x00007ffa8ab70000 - 0x00007ffa8aba1000 	C:\WINDOWS\System32\IMM32.DLL
0x00007ffa82a70000 - 0x00007ffa82a7c000 	C:\Program Files\Microsoft\jdk-17.0.18.8-hotspot\bin\vcruntime140_1.dll
0x00007ffa144f0000 - 0x00007ffa14579000 	C:\Program Files\Microsoft\jdk-17.0.18.8-hotspot\bin\msvcp140.dll
0x00007ff9b20e0000 - 0x00007ff9b2d5a000 	C:\Program Files\Microsoft\jdk-17.0.18.8-hotspot\bin\server\jvm.dll
0x00007ffa8a9f0000 - 0x00007ffa8aaa4000 	C:\WINDOWS\System32\ADVAPI32.dll
0x00007ffa8bfa0000 - 0x00007ffa8c046000 	C:\WINDOWS\System32\sechost.dll
0x00007ffa8bd10000 - 0x00007ffa8be28000 	C:\WINDOWS\System32\RPCRT4.dll
0x00007ffa8b750000 - 0x00007ffa8b7c4000 	C:\WINDOWS\System32\WS2_32.dll
0x00007ffa891c0000 - 0x00007ffa8921e000 	C:\WINDOWS\SYSTEM32\POWRPROF.dll
0x00007ffa826f0000 - 0x00007ffa82725000 	C:\WINDOWS\SYSTEM32\WINMM.dll
0x00007ffa82930000 - 0x00007ffa8293b000 	C:\WINDOWS\SYSTEM32\VERSION.dll
0x00007ffa891a0000 - 0x00007ffa891b4000 	C:\WINDOWS\SYSTEM32\UMPDC.dll
0x00007ffa88100000 - 0x00007ffa8811b000 	C:\WINDOWS\SYSTEM32\kernel.appcore.dll
0x00007ffa44a70000 - 0x00007ffa44a7a000 	C:\Program Files\Microsoft\jdk-17.0.18.8-hotspot\bin\jimage.dll
0x00007ffa7d4b0000 - 0x00007ffa7d6f2000 	C:\WINDOWS\SYSTEM32\DBGHELP.DLL
0x00007ffa8b980000 - 0x00007ffa8bd06000 	C:\WINDOWS\System32\combase.dll
0x00007ffa8b670000 - 0x00007ffa8b747000 	C:\WINDOWS\System32\OLEAUT32.dll
0x00007ffa740b0000 - 0x00007ffa740eb000 	C:\WINDOWS\SYSTEM32\dbgcore.DLL
0x00007ffa8a560000 - 0x00007ffa8a605000 	C:\WINDOWS\System32\bcryptPrimitives.dll
0x00007ffa44a40000 - 0x00007ffa44a66000 	C:\Program Files\Microsoft\jdk-17.0.18.8-hotspot\bin\java.dll
0x00007ffa14410000 - 0x00007ffa144e6000 	C:\Program Files\Microsoft\jdk-17.0.18.8-hotspot\bin\jsvml.dll
0x00007ffa8c0c0000 - 0x00007ffa8c812000 	C:\WINDOWS\System32\SHELL32.dll
0x00007ffa89760000 - 0x00007ffa898ca000 	C:\WINDOWS\System32\wintypes.dll
0x00007ffa89cc0000 - 0x00007ffa8a523000 	C:\WINDOWS\System32\windows.storage.dll
0x00007ffa8abb0000 - 0x00007ffa8aca6000 	C:\WINDOWS\System32\SHCORE.dll
0x00007ffa8c050000 - 0x00007ffa8c0b7000 	C:\WINDOWS\System32\shlwapi.dll
0x00007ffa89280000 - 0x00007ffa892a9000 	C:\WINDOWS\SYSTEM32\profapi.dll
0x00007ffa44a20000 - 0x00007ffa44a3b000 	C:\Program Files\Microsoft\jdk-17.0.18.8-hotspot\bin\net.dll
0x00007ffa7f980000 - 0x00007ffa7faa7000 	C:\WINDOWS\SYSTEM32\WINHTTP.dll
0x00007ffa88670000 - 0x00007ffa886db000 	C:\WINDOWS\system32\mswsock.dll
0x00007ffa44a00000 - 0x00007ffa44a16000 	C:\Program Files\Microsoft\jdk-17.0.18.8-hotspot\bin\nio.dll
0x00007ffa1fcf0000 - 0x00007ffa1fd08000 	C:\Program Files\Microsoft\jdk-17.0.18.8-hotspot\bin\zip.dll
0x00007ffa86270000 - 0x00007ffa86280000 	C:\Program Files\Microsoft\jdk-17.0.18.8-hotspot\bin\verify.dll

dbghelp: loaded successfully - version: 4.0.5 - missing functions: none
symbol engine: initialized successfully - sym options: 0x614 - pdb path: .;C:\Program Files\Microsoft\jdk-17.0.18.8-hotspot\bin;C:\WINDOWS\SYSTEM32;C:\Program Files\Avast Software\Avast;C:\WINDOWS\WinSxS\amd64_microsoft.windows.common-controls_6595b64144ccf1df_6.0.26100.7824_none_3e0870b2e3345462;C:\Program Files\Microsoft\jdk-17.0.18.8-hotspot\bin\server

VM Arguments:
java_command: org.jetbrains.kotlin.cli.jvm.K2JVMCompiler @C:\Dev\Activ_Esaip_AUDYA\node_modules\react-native-screens\android\build\20260226_10234672007254122710.compiler.options
java_class_path (initial): C:\Users\Adrien\.gradle\caches\modules-2\files-2.1\org.jetbrains.kotlin\kotlin-compiler-embeddable\2.1.20\4ef56b3316798316bfac7a0ae443391c9e900ea1\kotlin-compiler-embeddable-2.1.20.jar;C:\Users\Adrien\.gradle\caches\modules-2\files-2.1\org.jetbrains.kotlin\kotlin-stdlib\2.1.20\aa8ca79cd50578314f6d1180c47cbe14c0fee567\kotlin-stdlib-2.1.20.jar;C:\Users\Adrien\.gradle\caches\modules-2\files-2.1\org.jetbrains.kotlin\kotlin-script-runtime\2.1.20\f7c623d7f7bdb01f5ccd6b437bc0a937fcd7c57e\kotlin-script-runtime-2.1.20.jar;C:\Users\Adrien\.gradle\caches\modules-2\files-2.1\org.jetbrains.kotlin\kotlin-reflect\1.6.10\1cbe9c92c12a94eea200d23c2bbaedaf3daf5132\kotlin-reflect-1.6.10.jar;C:\Users\Adrien\.gradle\caches\modules-2\files-2.1\org.jetbrains.kotlin\kotlin-daemon-embeddable\2.1.20\95670fce77befd02a70a0bc3abe8ee4533521334\kotlin-daemon-embeddable-2.1.20.jar;C:\Users\Adrien\.gradle\caches\modules-2\files-2.1\org.jetbrains.intellij.deps\trove4j\1.0.20200330\3afb14d5f9ceb459d724e907a21145e8ff394f02\trove4j-1.0.20200330.jar;C:\Users\Adrien\.gradle\caches\modules-2\files-2.1\org.jetbrains.kotlinx\kotlinx-coroutines-core-jvm\1.8.0\ac1dc37a30a93150b704022f8d895ee1bd3a36b3\kotlinx-coroutines-core-jvm-1.8.0.jar;C:\Users\Adrien\.gradle\caches\modules-2\files-2.1\org.jetbrains\annotations\13.0\919f0dfe192fb4e063e7dacadee7f8bb9a2672a9\annotations-13.0.jar
Launcher Type: SUN_STANDARD

[Global flags]
     intx CICompilerCount                          = 4                                         {product} {ergonomic}
     uint ConcGCThreads                            = 2                                         {product} {ergonomic}
     uint G1ConcRefinementThreads                  = 8                                         {product} {ergonomic}
   size_t G1HeapRegionSize                         = 2097152                                   {product} {ergonomic}
    uintx GCDrainStackTargetSize                   = 64                                        {product} {ergonomic}
   size_t InitialHeapSize                          = 234881024                                 {product} {ergonomic}
   size_t MarkStackSize                            = 4194304                                   {product} {ergonomic}
   size_t MaxHeapSize                              = 3726639104                                {product} {ergonomic}
   size_t MaxNewSize                               = 2235564032                                {product} {ergonomic}
   size_t MinHeapDeltaBytes                        = 2097152                                   {product} {ergonomic}
   size_t MinHeapSize                              = 8388608                                   {product} {ergonomic}
    uintx NonNMethodCodeHeapSize                   = 5839372                                {pd product} {ergonomic}
    uintx NonProfiledCodeHeapSize                  = 122909434                              {pd product} {ergonomic}
    uintx ProfiledCodeHeapSize                     = 122909434                              {pd product} {ergonomic}
    uintx ReservedCodeCacheSize                    = 251658240                              {pd product} {ergonomic}
     bool SegmentedCodeCache                       = true                                      {product} {ergonomic}
   size_t SoftMaxHeapSize                          = 3726639104                             {manageable} {ergonomic}
     bool UseCompressedClassPointers               = true                           {product lp64_product} {ergonomic}
     bool UseCompressedOops                        = true                           {product lp64_product} {ergonomic}
     bool UseG1GC                                  = true                                      {product} {ergonomic}
     bool UseLargePagesIndividualAllocation        = false                                  {pd product} {ergonomic}

Logging:
Log output configuration:
 #0: stdout all=warning uptime,level,tags
 #1: stderr all=off uptime,level,tags

Environment Variables:
JAVA_HOME=C:\Program Files\Microsoft\jdk-17.0.18.8-hotspot
PATH=C:\Dev\Activ_Esaip_AUDYA\node_modules\.bin;C:\Dev\Activ_Esaip_AUDYA\node_modules\.bin;C:\Dev\node_modules\.bin;C:\node_modules\.bin;C:\Program Files\nodejs\node_modules\npm\node_modules\@npmcli\run-script\lib\node-gyp-bin;C:\Program Files\Microsoft\jdk-17.0.18.8-hotspot\bin;C:\Users\Adrien\Downloads\WINDOWS.X64_193000_db_home\bin;C:\WINDOWS\system32;C:\WINDOWS;C:\WINDOWS\System32\Wbem;C:\WINDOWS\System32\WindowsPowerShell\v1.0\;C:\WINDOWS\System32\OpenSSH\;C:\Program Files (x86)\GnuWin32\bin;C:\Program Files\dotnet\;C:\Program Files\nodejs\;C:\Program Files (x86)\Gpg4win\..\GnuPG\bin;C:\Program Files\NVIDIA Corporation\NVIDIA App\NvDLISR;C:\Program Files (x86)\NVIDIA Corporation\PhysX\Common;C:\Program Files\Git\cmd;C:\Users\Adrien\AppData\Local\Android\Sdk\platform-tools;;C:\Program Files\Docker\Docker\resources\bin;C:\Users\Adrien\AppData\Local\Programs\Python\Launcher\;C:\Users\Adrien\AppData\Local\Microsoft\WindowsApps;C:\Users\Adrien\AppData\Local\Programs\Microsoft VS Code\bin;C:\Users\Adrien\AppData\Local\Microsoft\WinGet\Packages\Schniz.fnm_Microsoft.Winget.Source_8wekyb3d8bbwe;C:\Users\Adrien\AppData\Roaming\npm;C:\ProgramData\Microsoft\Windows\Start Menu\Programs\Node.js;
USERNAME=Adrien
OS=Windows_NT
PROCESSOR_IDENTIFIER=AMD64 Family 23 Model 24 Stepping 1, AuthenticAMD
TMP=C:\Users\Adrien\AppData\Local\Temp
TEMP=C:\Users\Adrien\AppData\Local\Temp



Periodic native trim disabled


---------------  S Y S T E M  ---------------

OS:
 Windows 11 , 64 bit Build 26100 (10.0.26100.7705)
OS uptime: 0 days 7:45 hours
Hyper-V role detected

CPU: total 8 (initial active 8) (8 cores per cpu, 2 threads per core) family 23 model 24 stepping 1 microcode 0x8108109, cx8, cmov, fxsr, ht, mmx, 3dnowpref, sse, sse2, sse3, ssse3, sse4a, sse4.1, sse4.2, popcnt, lzcnt, tsc, tscinvbit, avx, avx2, aes, clmul, bmi1, bmi2, adx, sha, fma, vzeroupper, clflush, clflushopt, hv
Processor Information for the first 8 processors :
  Max Mhz: 2100, Current Mhz: 2100, Mhz Limit: 2100

Memory: 4k page, system-wide physical 14213M (1465M free)
TotalPageFile size 22405M (AvailPageFile size 8M)
current process WorkingSet (physical memory assigned to process): 224M, peak: 230M
current process commit charge ("private bytes"): 262M, peak: 368M

vm_info: OpenJDK 64-Bit Server VM (17.0.18+8-LTS) for windows-amd64 JRE (17.0.18+8-LTS), built on Jan 15 2026 18:50:45 by "MicrosoftCorporation" with MS VC++ 17.14 (VS2022)

END.
