#
# There is insufficient memory for the Java Runtime Environment to continue.
# Native memory allocation (mmap) failed to map 67108864 bytes. Error detail: G1 virtual space
# Possible reasons:
#   The system is out of physical RAM or swap space
#   This process is running with CompressedOops enabled, and the Java Heap may be blocking the growth of the native heap
# Possible solutions:
#   Reduce memory load on the system
#   Increase physical memory or swap space
#   Check if swap backing store is full
#   Decrease Java heap size (-Xmx/-Xms)
#   Decrease number of Java threads
#   Decrease Java thread stack sizes (-Xss)
#   Set larger code cache with -XX:ReservedCodeCacheSize=
#   JVM is running with Unscaled Compressed Oops mode in which the Java heap is
#     placed in the first 4GB address space. The Java Heap base address is the
#     maximum limit for the native heap growth. Please use -XX:HeapBaseMinAddress
#     to set the Java Heap base and to place the Java Heap above 4GB virtual address.
# This output file may be truncated or incomplete.
#
#  Out of Memory Error (os_windows.cpp:3690), pid=19356, tid=22688
#
# JRE version:  (17.0.18+8) (build )
# Java VM: OpenJDK 64-Bit Server VM (17.0.18+8-LTS, mixed mode, sharing, tiered, compressed oops, compressed class ptrs, g1 gc, windows-amd64)
# No core dump will be written. Minidumps are not enabled by default on client versions of Windows
#

---------------  S U M M A R Y ------------

Command Line: -Xmx64m -Xms64m -Dorg.gradle.appname=gradlew C:\Dev\Activ_Esaip_AUDYA\android\\gradle\wrapper\gradle-wrapper.jar clean

Host: AMD Ryzen 5 3550H with Radeon Vega Mobile Gfx  , 8 cores, 13G,  Windows 11 , 64 bit Build 26100 (10.0.26100.7705)
Time: Thu Feb 26 18:10:03 2026 Paris, Madrid elapsed time: 2.045862 seconds (0d 0h 0m 2s)

---------------  T H R E A D  ---------------

Current thread (0x000002c11eeb0770):  JavaThread "Unknown thread" [_thread_in_vm, id=22688, stack(0x000000dd3e000000,0x000000dd3e100000)]

Stack: [0x000000dd3e000000,0x000000dd3e100000]
Native frames: (J=compiled Java code, j=interpreted, Vv=VM code, C=native code)
V  [jvm.dll+0x68c879]  (no source info available)
V  [jvm.dll+0x845979]  (no source info available)
V  [jvm.dll+0x8476e8]  (no source info available)
V  [jvm.dll+0x847d73]  (no source info available)
V  [jvm.dll+0x24cf6f]  (no source info available)
V  [jvm.dll+0x68bc79]  (no source info available)
V  [jvm.dll+0x68023a]  (no source info available)
V  [jvm.dll+0x3101a0]  (no source info available)
V  [jvm.dll+0x310042]  (no source info available)
V  [jvm.dll+0x317599]  (no source info available)
V  [jvm.dll+0x369999]  (no source info available)
V  [jvm.dll+0x369bcd]  (no source info available)
V  [jvm.dll+0x2e69aa]  (no source info available)
V  [jvm.dll+0x2e78b8]  (no source info available)
V  [jvm.dll+0x81871e]  (no source info available)
V  [jvm.dll+0x377601]  (no source info available)
V  [jvm.dll+0x7f6d65]  (no source info available)
V  [jvm.dll+0x3fd47b]  (no source info available)
V  [jvm.dll+0x3ff0b1]  (no source info available)
C  [jli.dll+0x52f0]  (no source info available)
C  [ucrtbase.dll+0x37b0]  (no source info available)
C  [KERNEL32.DLL+0x2e8d7]  (no source info available)
C  [ntdll.dll+0x8c40c]  (no source info available)


---------------  P R O C E S S  ---------------

Threads class SMR info:
_java_thread_list=0x00007ff9b2c26058, length=0, elements={
}

Java Threads: ( => current thread )

Other Threads:
  0x000002c11eed1710 GCTaskThread "GC Thread#0" [stack: 0x000000dd3e100000,0x000000dd3e200000] [id=16004]
  0x000002c11eed3a20 ConcurrentGCThread "G1 Main Marker" [stack: 0x000000dd3e200000,0x000000dd3e300000] [id=22256]
  0x000002c11eed49f0 ConcurrentGCThread "G1 Conc#0" [stack: 0x000000dd3e300000,0x000000dd3e400000] [id=22200]

[error occurred during error reporting (printing all threads), id 0xc0000005, EXCEPTION_ACCESS_VIOLATION (0xc0000005) at pc=0x00007ff9b23d74e7]

VM state: not at safepoint (not fully initialized)

VM Mutex/Monitor currently owned by a thread:  ([mutex/lock_event])
[0x000002c11eeac0f0] Heap_lock - owner thread: 0x000002c11eeb0770

Heap address: 0x00000000fc000000, size: 64 MB, Compressed Oops mode: 32-bit

CDS archive(s) mapped at: [0x0000000000000000-0x0000000000000000-0x0000000000000000), size 0, SharedBaseAddress: 0x0000000800000000, ArchiveRelocationMode: 1.
Narrow klass base: 0x0000000000000000, Narrow klass shift: 0, Narrow klass range: 0x0

GC Precious Log:
<Empty>

Heap:
 garbage-first heap   total 0K, used 0K [0x00000000fc000000, 0x0000000100000000)
  region size 1024K, 0 young (0K), 0 survivors (0K)

[error occurred during error reporting (printing heap information), id 0xc0000005, EXCEPTION_ACCESS_VIOLATION (0xc0000005) at pc=0x00007ff9b27c8929]

GC Heap History (0 events):
No events

Dll operation events (1 events):
Event: 0.018 Loaded shared library C:\Program Files\Microsoft\jdk-17.0.18.8-hotspot\bin\java.dll

Deoptimization events (0 events):
No events

Classes loaded (0 events):
No events

Classes unloaded (0 events):
No events

Classes redefined (0 events):
No events

Internal exceptions (0 events):
No events

VM Operations (0 events):
No events

Memory protections (0 events):
No events

Nmethod flushes (0 events):
No events

Events (0 events):
No events


Dynamic libraries:
0x00007ff7e76d0000 - 0x00007ff7e76de000 	C:\Program Files\Microsoft\jdk-17.0.18.8-hotspot\bin\java.exe
0x00007ffa8ca80000 - 0x00007ffa8cce8000 	C:\WINDOWS\SYSTEM32\ntdll.dll
0x00007ffa5b620000 - 0x00007ffa5b640000 	C:\Program Files\Avast Software\Avast\aswhook.dll
0x00007ffa8b5a0000 - 0x00007ffa8b669000 	C:\WINDOWS\System32\KERNEL32.DLL
0x00007ffa89360000 - 0x00007ffa89751000 	C:\WINDOWS\System32\KERNELBASE.dll
0x00007ffa8a610000 - 0x00007ffa8a75b000 	C:\WINDOWS\System32\ucrtbase.dll
0x00007ffa82a80000 - 0x00007ffa82a98000 	C:\Program Files\Microsoft\jdk-17.0.18.8-hotspot\bin\jli.dll
0x00007ffa82aa0000 - 0x00007ffa82abe000 	C:\Program Files\Microsoft\jdk-17.0.18.8-hotspot\bin\VCRUNTIME140.dll
0x00007ffa8a820000 - 0x00007ffa8a9e6000 	C:\WINDOWS\System32\USER32.dll
0x00007ffa76a40000 - 0x00007ffa76cd3000 	C:\WINDOWS\WinSxS\amd64_microsoft.windows.common-controls_6595b64144ccf1df_6.0.26100.7824_none_3e0870b2e3345462\COMCTL32.dll
0x00007ffa8a530000 - 0x00007ffa8a557000 	C:\WINDOWS\System32\win32u.dll
0x00007ffa8aab0000 - 0x00007ffa8ab59000 	C:\WINDOWS\System32\msvcrt.dll
0x00007ffa8c840000 - 0x00007ffa8c86b000 	C:\WINDOWS\System32\GDI32.dll
0x00007ffa89960000 - 0x00007ffa89a8b000 	C:\WINDOWS\System32\gdi32full.dll
0x00007ffa89c10000 - 0x00007ffa89cb3000 	C:\WINDOWS\System32\msvcp_win.dll
0x00007ffa8ab70000 - 0x00007ffa8aba1000 	C:\WINDOWS\System32\IMM32.DLL
0x00007ffa82a70000 - 0x00007ffa82a7c000 	C:\Program Files\Microsoft\jdk-17.0.18.8-hotspot\bin\vcruntime140_1.dll
0x00007ffa144f0000 - 0x00007ffa14579000 	C:\Program Files\Microsoft\jdk-17.0.18.8-hotspot\bin\msvcp140.dll
0x00007ff9b20e0000 - 0x00007ff9b2d5a000 	C:\Program Files\Microsoft\jdk-17.0.18.8-hotspot\bin\server\jvm.dll
0x00007ffa8a9f0000 - 0x00007ffa8aaa4000 	C:\WINDOWS\System32\ADVAPI32.dll
0x00007ffa8bfa0000 - 0x00007ffa8c046000 	C:\WINDOWS\System32\sechost.dll
0x00007ffa8bd10000 - 0x00007ffa8be28000 	C:\WINDOWS\System32\RPCRT4.dll
0x00007ffa8b750000 - 0x00007ffa8b7c4000 	C:\WINDOWS\System32\WS2_32.dll
0x00007ffa826f0000 - 0x00007ffa82725000 	C:\WINDOWS\SYSTEM32\WINMM.dll
0x00007ffa891c0000 - 0x00007ffa8921e000 	C:\WINDOWS\SYSTEM32\POWRPROF.dll
0x00007ffa82930000 - 0x00007ffa8293b000 	C:\WINDOWS\SYSTEM32\VERSION.dll
0x00007ffa891a0000 - 0x00007ffa891b4000 	C:\WINDOWS\SYSTEM32\UMPDC.dll
0x00007ffa88100000 - 0x00007ffa8811b000 	C:\WINDOWS\SYSTEM32\kernel.appcore.dll
0x00007ffa44a70000 - 0x00007ffa44a7a000 	C:\Program Files\Microsoft\jdk-17.0.18.8-hotspot\bin\jimage.dll
0x00007ffa7d4b0000 - 0x00007ffa7d6f2000 	C:\WINDOWS\SYSTEM32\DBGHELP.DLL
0x00007ffa8b980000 - 0x00007ffa8bd06000 	C:\WINDOWS\System32\combase.dll
0x00007ffa8b670000 - 0x00007ffa8b747000 	C:\WINDOWS\System32\OLEAUT32.dll
0x00007ffa740b0000 - 0x00007ffa740eb000 	C:\WINDOWS\SYSTEM32\dbgcore.DLL
0x00007ffa8a560000 - 0x00007ffa8a605000 	C:\WINDOWS\System32\bcryptPrimitives.dll
0x00007ffa44a40000 - 0x00007ffa44a66000 	C:\Program Files\Microsoft\jdk-17.0.18.8-hotspot\bin\java.dll

dbghelp: loaded successfully - version: 4.0.5 - missing functions: none
symbol engine: initialized successfully - sym options: 0x614 - pdb path: .;C:\Program Files\Microsoft\jdk-17.0.18.8-hotspot\bin;C:\WINDOWS\SYSTEM32;C:\Program Files\Avast Software\Avast;C:\WINDOWS\WinSxS\amd64_microsoft.windows.common-controls_6595b64144ccf1df_6.0.26100.7824_none_3e0870b2e3345462;C:\Program Files\Microsoft\jdk-17.0.18.8-hotspot\bin\server

VM Arguments:
jvm_args: -Xmx64m -Xms64m -Dorg.gradle.appname=gradlew 
java_command: C:\Dev\Activ_Esaip_AUDYA\android\\gradle\wrapper\gradle-wrapper.jar clean
java_class_path (initial): C:\Dev\Activ_Esaip_AUDYA\android\\gradle\wrapper\gradle-wrapper.jar
Launcher Type: SUN_STANDARD

[Global flags]
     intx CICompilerCount                          = 4                                         {product} {ergonomic}
     uint ConcGCThreads                            = 2                                         {product} {ergonomic}
     uint G1ConcRefinementThreads                  = 8                                         {product} {ergonomic}
   size_t G1HeapRegionSize                         = 1048576                                   {product} {ergonomic}
    uintx GCDrainStackTargetSize                   = 64                                        {product} {ergonomic}
   size_t InitialHeapSize                          = 67108864                                  {product} {command line}
   size_t MarkStackSize                            = 4194304                                   {product} {ergonomic}
   size_t MaxHeapSize                              = 67108864                                  {product} {command line}
   size_t MinHeapDeltaBytes                        = 1048576                                   {product} {ergonomic}
   size_t MinHeapSize                              = 67108864                                  {product} {command line}
    uintx NonNMethodCodeHeapSize                   = 5839372                                {pd product} {ergonomic}
    uintx NonProfiledCodeHeapSize                  = 122909434                              {pd product} {ergonomic}
    uintx ProfiledCodeHeapSize                     = 122909434                              {pd product} {ergonomic}
    uintx ReservedCodeCacheSize                    = 251658240                              {pd product} {ergonomic}
     bool SegmentedCodeCache                       = true                                      {product} {ergonomic}
   size_t SoftMaxHeapSize                          = 67108864                               {manageable} {ergonomic}
     bool UseCompressedClassPointers               = true                           {product lp64_product} {ergonomic}
     bool UseCompressedOops                        = true                           {product lp64_product} {ergonomic}
     bool UseG1GC                                  = true                                      {product} {ergonomic}
     bool UseLargePagesIndividualAllocation        = false                                  {pd product} {ergonomic}

Logging:
Log output configuration:
 #0: stdout all=warning uptime,level,tags
 #1: stderr all=off uptime,level,tags

Environment Variables:
JAVA_HOME=C:\Program Files\Microsoft\jdk-17.0.18.8-hotspot
PATH=C:\Program Files\Microsoft\jdk-17.0.18.8-hotspot\bin;C:\Users\Adrien\Downloads\WINDOWS.X64_193000_db_home\bin;C:\WINDOWS\system32;C:\WINDOWS;C:\WINDOWS\System32\Wbem;C:\WINDOWS\System32\WindowsPowerShell\v1.0\;C:\WINDOWS\System32\OpenSSH\;C:\Program Files (x86)\GnuWin32\bin;C:\Program Files\dotnet\;C:\Program Files\nodejs\;C:\Program Files (x86)\Gpg4win\..\GnuPG\bin;C:\Program Files\NVIDIA Corporation\NVIDIA App\NvDLISR;C:\Program Files (x86)\NVIDIA Corporation\PhysX\Common;C:\Program Files\Git\cmd;C:\Users\Adrien\AppData\Local\Android\Sdk\platform-tools;;C:\Program Files\Docker\Docker\resources\bin;C:\Users\Adrien\AppData\Local\Programs\Python\Launcher\;C:\Users\Adrien\AppData\Local\Microsoft\WindowsApps;C:\Users\Adrien\AppData\Local\Programs\Microsoft VS Code\bin;C:\Users\Adrien\AppData\Local\Microsoft\WinGet\Packages\Schniz.fnm_Microsoft.Winget.Source_8wekyb3d8bbwe;C:\Users\Adrien\AppData\Roaming\npm;C:\ProgramData\Microsoft\Windows\Start Menu\Programs\Node.js;
USERNAME=Adrien
OS=Windows_NT
PROCESSOR_IDENTIFIER=AMD64 Family 23 Model 24 Stepping 1, AuthenticAMD
TMP=C:\Users\Adrien\AppData\Local\Temp
TEMP=C:\Users\Adrien\AppData\Local\Temp



Periodic native trim disabled


---------------  S Y S T E M  ---------------

OS:
 Windows 11 , 64 bit Build 26100 (10.0.26100.7705)
OS uptime: 0 days 7:18 hours
Hyper-V role detected

CPU: total 8 (initial active 8) (8 cores per cpu, 2 threads per core) family 23 model 24 stepping 1 microcode 0x8108109, cx8, cmov, fxsr, ht, mmx, 3dnowpref, sse, sse2, sse3, ssse3, sse4a, sse4.1, sse4.2, popcnt, lzcnt, tsc, tscinvbit, avx, avx2, aes, clmul, bmi1, bmi2, adx, sha, fma, vzeroupper, clflush, clflushopt, hv
Processor Information for the first 8 processors :
  Max Mhz: 2100, Current Mhz: 2100, Mhz Limit: 2100

Memory: 4k page, system-wide physical 14213M (1359M free)
TotalPageFile size 22405M (AvailPageFile size 62M)
current process WorkingSet (physical memory assigned to process): 12M, peak: 12M
current process commit charge ("private bytes"): 60M, peak: 124M

vm_info: OpenJDK 64-Bit Server VM (17.0.18+8-LTS) for windows-amd64 JRE (17.0.18+8-LTS), built on Jan 15 2026 18:50:45 by "MicrosoftCorporation" with MS VC++ 17.14 (VS2022)

END.
